<?xml version="1.0" encoding="UTF-8"?>
<!-- Generated by org.testng.reporters.JUnitXMLReporter -->
<testsuite hostname="AvinashReddy-PC" name="Selecting Radio buttons" tests="1" failures="1" timestamp="30 Jun 2017 02:30:35 GMT" time="0.154" errors="0">
  <testcase name="login" time="0.055" classname="com.Seleniumdemo.TestNGParameters">
    <failure type="java.lang.NullPointerException">
      <![CDATA[java.lang.NullPointerException
	at com.Seleniumdemo.TestNGParameters.login(TestNGParameters.java:21)
... Removed 24 stack frames]]>
    </failure>
  </testcase> <!-- login -->
</testsuite> <!-- Selecting Radio buttons -->
